// 同步 ID: 32fe7b22 @ Thu Jun 25 09:39:05 UTC 2026
// 同步 ID: e591894c @ Thu Jun 25 21:57:05 UTC 2026
// 同步 ID: 66d748ff @ Fri Jun 26 07:28:31 UTC 2026
// 重构日志: 806ec1c4
// 重构日志: 6de16859
// 重构日志: 15efb9a8
// 同步 ID: a1f7bc6e @ Tue Jun 30 02:15:30 UTC 2026
// 重构日志: 0b49f222
// 重构日志: b346afb6
// 同步 ID: 812c6530 @ Wed Jul  1 06:05:52 UTC 2026
// 重构日志: 025bd208
// 同步 ID: 3be4e097 @ Fri Jul  3 10:33:52 UTC 2026
// 重构日志: 0025b1ab
// 重构日志: a400e73a
// 重构日志: 86af9f40
// 同步 ID: 8377f416 @ Sun Jul  5 10:19:36 UTC 2026
// 同步 ID: b05f4e6d @ Sun Jul  5 22:17:21 UTC 2026
// 同步 ID: e396477d @ Mon Jul  6 16:27:29 UTC 2026
// 重构日志: 693333ac
// 重构日志: 9c3e44d5
// 重构日志: 0926ef73
// 同步 ID: 99f03e8e @ Wed Jul  8 17:25:24 UTC 2026
// 重构日志: c8ed0291
// 重构日志: 112f00cf
// 重构日志: 26a74527
// 重构日志: baf637de
// 重构日志: 99f9d64c
// 同步 ID: 81358142 @ Sat Jul 11 18:36:54 UTC 2026
// 同步 ID: 6de2ee6a @ Sun Jul 12 05:38:17 UTC 2026
// 同步 ID: 28db7296 @ Sun Jul 12 08:28:00 UTC 2026
